2026-02-02 17:05:02,642 - ERROR - Connection failed. The most common reason is a driver version. Check your ODBC Driver version. P.S. Should be ODBC Driver 18 for SQL Server. Error: No connection string.
2026-02-02 17:05:12,841 - ERROR - Connection failed. The most common reason is a driver version. Check your ODBC Driver version. P.S. Should be ODBC Driver 18 for SQL Server. Error: No connection string.
2026-02-02 17:05:23,193 - ERROR - Connection failed. The most common reason is a driver version. Check your ODBC Driver version. P.S. Should be ODBC Driver 18 for SQL Server. Error: No connection string.
2026-02-02 17:05:42,091 - ERROR - Connection failed. The most common reason is a driver version. Check your ODBC Driver version. P.S. Should be ODBC Driver 18 for SQL Server. Error: No connection string.
2026-02-02 17:06:12,832 - ERROR - Connection failed. The most common reason is a driver version. Check your ODBC Driver version. P.S. Should be ODBC Driver 18 for SQL Server. Error: No connection string.
2026-02-02 17:06:16,309 - ERROR - Connection failed. The most common reason is a driver version. Check your ODBC Driver version. P.S. Should be ODBC Driver 18 for SQL Server. Error: No connection string.
2026-02-02 17:12:33,727 - ERROR - Connection failed. The most common reason is a driver version. Check your ODBC Driver version. P.S. Should be ODBC Driver 18 for SQL Server. Error: No connection
2026-02-02 17:15:11,743 - ERROR - Connection failed. The most common reason is a driver version. Check your ODBC Driver version. P.S. Should be ODBC Driver 18 for SQL Server. Error: ('IM002', '[IM002] [Microsoft][ODBC Driver Manager] Data source name not found and no default driver specified (0) (SQLDriverConnect); [IM002] [Microsoft][ODBC Driver Manager] Invalid connection string attribute (0)')
2026-02-02 17:16:16,002 - ERROR - Connection failed. The most common reason is a driver version. Check your ODBC Driver version. P.S. Should be ODBC Driver 18 for SQL Server. Error: No connection
2026-02-02 17:29:00,969 - ERROR - Connection failed. The most common reason is a driver version. Check your ODBC Driver version. P.S. Should be ODBC Driver 18 for SQL Server. Error: ('IM002', '[IM002] [Microsoft][ODBC Driver Manager] Data source name not found and no default driver specified (0) (SQLDriverConnect)')
2026-02-02 17:29:13,751 - ERROR - Connection failed. The most common reason is a driver version. Check your ODBC Driver version. P.S. Should be ODBC Driver 18 for SQL Server. Error: ('IM002', '[IM002] [Microsoft][ODBC Driver Manager] Data source name not found and no default driver specified (0) (SQLDriverConnect)')
2026-02-03 10:32:16,303 - ERROR - Connection failed. The most common reason is a driver version. Check your ODBC Driver version. P.S. Should be ODBC Driver 18 for SQL Server. Error: ('IM002', '[IM002] [Microsoft][ODBC Driver Manager] Data source name not found and no default driver specified (0) (SQLDriverConnect)')
2026-02-03 10:38:55,516 - ERROR - Connection failed. The most common reason is a driver version. Check your ODBC Driver version. P.S. Should be ODBC Driver 18 for SQL Server. Error: ('28000', "[28000] [Microsoft][ODBC Driver 18 for SQL Server][SQL Server]Login failed for user 'sa'. (18456) (SQLDriverConnect); [28000] [Microsoft][ODBC Driver 18 for SQL Server][SQL Server]Login failed for user 'sa'. (18456)")
2026-02-03 10:40:33,953 - ERROR - Connection failed. The most common reason is a driver version. Check your ODBC Driver version. P.S. Should be ODBC Driver 18 for SQL Server. Error: No connection
2026-02-03 10:40:43,502 - ERROR - Connection failed. The most common reason is a driver version. Check your ODBC Driver version. P.S. Should be ODBC Driver 18 for SQL Server. Error: No connection
2026-02-03 10:54:38,370 - ERROR - Connection failed. The most common reason is a driver version. Check your ODBC Driver version. P.S. Should be ODBC Driver 18 for SQL Server. Error: No connection
2026-02-03 12:15:09,233 - ERROR - Connection failed. The most common reason is a driver version. Check your ODBC Driver version. P.S. Should be ODBC Driver 18 for SQL Server. Error: No connection
2026-02-03 12:45:38,557 - ERROR - Connection failed. The most common reason is a driver version. Check your ODBC Driver version. P.S. Should be ODBC Driver 18 for SQL Server. Error: No connection
2026-02-03 12:53:47,221 - ERROR - Connection failed. The most common reason is a driver version. Check your ODBC Driver version. P.S. Should be ODBC Driver 18 for SQL Server. Error: No connection
2026-02-03 12:53:50,206 - ERROR - Connection failed. The most common reason is a driver version. Check your ODBC Driver version. P.S. Should be ODBC Driver 18 for SQL Server. Error: ('IM002', '[IM002] [Microsoft][ODBC Driver Manager] Data source name not found and no default driver specified (0) (SQLDriverConnect); [IM002] [Microsoft][ODBC Driver Manager] Invalid connection string attribute (0)')
2026-02-03 13:52:15,746 - ERROR - Connection failed. The most common reason is a driver version. Check your ODBC Driver version. P.S. Should be ODBC Driver 18 for SQL Server. Error: No connection
2026-02-03 13:52:18,744 - ERROR - Connection failed. The most common reason is a driver version. Check your ODBC Driver version. P.S. Should be ODBC Driver 18 for SQL Server. Error: ('IM002', '[IM002] [Microsoft][ODBC Driver Manager] Data source name not found and no default driver specified (0) (SQLDriverConnect); [IM002] [Microsoft][ODBC Driver Manager] Invalid connection string attribute (0)')
